<?xml version="1.0" encoding="UTF-8"?>
<!-- Generated by org.testng.reporters.JUnitXMLReporter -->
<testsuite ignored="0" hostname="DESKTOP-51SVHDM" failures="0" tests="4" name="Test" time="17.26" errors="0" timestamp="2025-03-20T17:14:27 IST">
  <testcase classname="TripGain.TripGain.TestCase2_InvalidLogin" name="InvalidLogin" time="1.502"/>
  <testcase classname="TripGain.TripGain.TestCase1_LoginUser" name="testEnterUsername" time="0.661"/>
  <testcase classname="TripGain.TripGain.TestCase3_EmptyUserNamePassword" name="EmptyUserNamePassword" time="0.002"/>
  <testcase classname="TripGain.TripGain.TestCase4_Search" name="Search_City" time="1.874"/>
</testsuite> <!-- Test -->
